# JRE version: OpenJDK Runtime Environment (8.0_282-b08) (build 1.8.0_282-b08)
# Java VM: OpenJDK 64-Bit Server VM (25.282-b08 mixed mode windows-amd64 compressed oops)
Heap:
 PSYoungGen      total 147968K, used 127055K [0x00000000f5580000, 0x0000000100000000, 0x0000000100000000)
  eden space 122368K, 97% used [0x00000000f5580000,0x00000000fca5f8d8,0x00000000fcd00000)
  from space 25600K, 28% used [0x00000000fe500000,0x00000000fec34660,0x00000000ffe00000)
  to   space 24576K, 0% used [0x00000000fcd00000,0x00000000fcd00000,0x00000000fe500000)
 ParOldGen       total 285184K, used 98239K [0x00000000e0000000, 0x00000000f1680000, 0x00000000f5580000)
  object space 285184K, 34% used [0x00000000e0000000,0x00000000e5fefd00,0x00000000f1680000)
 Metaspace       used 99412K, capacity 106294K, committed 106496K, reserved 1140736K
  class space    used 13150K, capacity 14561K, committed 14592K, reserved 1048576K
GC Heap History (10 events):
Event: 403.655 GC heap before
{Heap before GC invocations=22 (full 3):
 PSYoungGen      total 146432K, used 135891K [0x00000000f5580000, 0x00000000fff00000, 0x0000000100000000)
  eden space 120320K, 100% used [0x00000000f5580000,0x00000000fcb00000,0x00000000fcb00000)
  from space 26112K, 59% used [0x00000000fe580000,0x00000000ff4b4de8,0x00000000fff00000)
  to   space 26624K, 0% used [0x00000000fcb00000,0x00000000fcb00000,0x00000000fe500000)
 ParOldGen       total 185856K, used 116914K [0x00000000e0000000, 0x00000000eb580000, 0x00000000f5580000)
  object space 185856K, 62% used [0x00000000e0000000,0x00000000e722c928,0x00000000eb580000)
 Metaspace       used 90086K, capacity 96612K, committed 96896K, reserved 1132544K
  class space    used 12027K, capacity 13355K, committed 13440K, reserved 1048576K
Event: 403.708 GC heap after
Heap after GC invocations=22 (full 3):
 PSYoungGen      total 146944K, used 5398K [0x00000000f5580000, 0x0000000100000000, 0x0000000100000000)
  eden space 120320K, 0% used [0x00000000f5580000,0x00000000f5580000,0x00000000fcb00000)
  from space 26624K, 20% used [0x00000000fcb00000,0x00000000fd0458e0,0x00000000fe500000)
  to   space 26624K, 0% used [0x00000000fe600000,0x00000000fe600000,0x0000000100000000)
 ParOldGen       total 185856K, used 131890K [0x00000000e0000000, 0x00000000eb580000, 0x00000000f5580000)
  object space 185856K, 70% used [0x00000000e0000000,0x00000000e80cc988,0x00000000eb580000)
 Metaspace       used 90086K, capacity 96612K, committed 96896K, reserved 1132544K
  class space    used 12027K, capacity 13355K, committed 13440K, reserved 1048576K
}
Event: 407.835 GC heap before
{Heap before GC invocations=23 (full 3):
 PSYoungGen      total 146944K, used 120577K [0x00000000f5580000, 0x0000000100000000, 0x0000000100000000)
  eden space 120320K, 95% used [0x00000000f5580000,0x00000000fc5fae18,0x00000000fcb00000)
  from space 26624K, 20% used [0x00000000fcb00000,0x00000000fd0458e0,0x00000000fe500000)
  to   space 26624K, 0% used [0x00000000fe600000,0x00000000fe600000,0x0000000100000000)
 ParOldGen       total 185856K, used 131890K [0x00000000e0000000, 0x00000000eb580000, 0x00000000f5580000)
  object space 185856K, 70% used [0x00000000e0000000,0x00000000e80cc988,0x00000000eb580000)
 Metaspace       used 91967K, capacity 98474K, committed 98560K, reserved 1134592K
  class space    used 12222K, capacity 13530K, committed 13568K, reserved 1048576K
Event: 407.858 GC heap after
Heap after GC invocations=23 (full 3):
 PSYoungGen      total 147968K, used 3506K [0x00000000f5580000, 0x0000000100000000, 0x0000000100000000)
  eden space 121344K, 0% used [0x00000000f5580000,0x00000000f5580000,0x00000000fcc00000)
  from space 26624K, 13% used [0x00000000fe600000,0x00000000fe96ca80,0x0000000100000000)
  to   space 26624K, 0% used [0x00000000fcc00000,0x00000000fcc00000,0x00000000fe600000)
 ParOldGen       total 185856K, used 132757K [0x00000000e0000000, 0x00000000eb580000, 0x00000000f5580000)
  object space 185856K, 71% used [0x00000000e0000000,0x00000000e81a55c8,0x00000000eb580000)
 Metaspace       used 91967K, capacity 98474K, committed 98560K, reserved 1134592K
  class space    used 12222K, capacity 13530K, committed 13568K, reserved 1048576K
}
Event: 407.858 GC heap before
{Heap before GC invocations=24 (full 4):
 PSYoungGen      total 147968K, used 3506K [0x00000000f5580000, 0x0000000100000000, 0x0000000100000000)
  eden space 121344K, 0% used [0x00000000f5580000,0x00000000f5580000,0x00000000fcc00000)
  from space 26624K, 13% used [0x00000000fe600000,0x00000000fe96ca80,0x0000000100000000)
  to   space 26624K, 0% used [0x00000000fcc00000,0x00000000fcc00000,0x00000000fe600000)
 ParOldGen       total 185856K, used 132757K [0x00000000e0000000, 0x00000000eb580000, 0x00000000f5580000)
  object space 185856K, 71% used [0x00000000e0000000,0x00000000e81a55c8,0x00000000eb580000)
 Metaspace       used 91967K, capacity 98474K, committed 98560K, reserved 1134592K
  class space    used 12222K, capacity 13530K, committed 13568K, reserved 1048576K
Event: 409.056 GC heap after
Heap after GC invocations=24 (full 4):
 PSYoungGen      total 147968K, used 0K [0x00000000f5580000, 0x0000000100000000, 0x0000000100000000)
  eden space 121344K, 0% used [0x00000000f5580000,0x00000000f5580000,0x00000000fcc00000)
  from space 26624K, 0% used [0x00000000fe600000,0x00000000fe600000,0x0000000100000000)
  to   space 26624K, 0% used [0x00000000fcc00000,0x00000000fcc00000,0x00000000fe600000)
 ParOldGen       total 285184K, used 90589K [0x00000000e0000000, 0x00000000f1680000, 0x00000000f5580000)
  object space 285184K, 31% used [0x00000000e0000000,0x00000000e58774e8,0x00000000f1680000)
 Metaspace       used 91932K, capacity 98366K, committed 98560K, reserved 1134592K
  class space    used 12210K, capacity 13510K, committed 13568K, reserved 1048576K
}
Event: 413.357 GC heap before
{Heap before GC invocations=25 (full 4):
 PSYoungGen      total 147968K, used 121340K [0x00000000f5580000, 0x0000000100000000, 0x0000000100000000)
  eden space 121344K, 99% used [0x00000000f5580000,0x00000000fcbff2a0,0x00000000fcc00000)
  from space 26624K, 0% used [0x00000000fe600000,0x00000000fe600000,0x0000000100000000)
  to   space 26624K, 0% used [0x00000000fcc00000,0x00000000fcc00000,0x00000000fe600000)
 ParOldGen       total 285184K, used 90589K [0x00000000e0000000, 0x00000000f1680000, 0x00000000f5580000)
  object space 285184K, 31% used [0x00000000e0000000,0x00000000e58774e8,0x00000000f1680000)
 Metaspace       used 95203K, capacity 101766K, committed 102016K, reserved 1136640K
  class space    used 12597K, capacity 13930K, committed 13952K, reserved 1048576K
Event: 413.380 GC heap after
Heap after GC invocations=25 (full 4):
 PSYoungGen      total 132608K, used 11228K [0x00000000f5580000, 0x00000000ffe00000, 0x0000000100000000)
  eden space 121344K, 0% used [0x00000000f5580000,0x00000000f5580000,0x00000000fcc00000)
  from space 11264K, 99% used [0x00000000fcc00000,0x00000000fd6f72c0,0x00000000fd700000)
  to   space 25600K, 0% used [0x00000000fe500000,0x00000000fe500000,0x00000000ffe00000)
 ParOldGen       total 285184K, used 90597K [0x00000000e0000000, 0x00000000f1680000, 0x00000000f5580000)
  object space 285184K, 31% used [0x00000000e0000000,0x00000000e58794e8,0x00000000f1680000)
 Metaspace       used 95203K, capacity 101766K, committed 102016K, reserved 1136640K
  class space    used 12597K, capacity 13930K, committed 13952K, reserved 1048576K
}
Event: 417.908 GC heap before
{Heap before GC invocations=26 (full 4):
 PSYoungGen      total 132608K, used 132572K [0x00000000f5580000, 0x00000000ffe00000, 0x0000000100000000)
  eden space 121344K, 100% used [0x00000000f5580000,0x00000000fcc00000,0x00000000fcc00000)
  from space 11264K, 99% used [0x00000000fcc00000,0x00000000fd6f72c0,0x00000000fd700000)
  to   space 25600K, 0% used [0x00000000fe500000,0x00000000fe500000,0x00000000ffe00000)
 ParOldGen       total 285184K, used 90597K [0x00000000e0000000, 0x00000000f1680000, 0x00000000f5580000)
  object space 285184K, 31% used [0x00000000e0000000,0x00000000e58794e8,0x00000000f1680000)
 Metaspace       used 95609K, capacity 102224K, committed 102400K, reserved 1138688K
  class space    used 12621K, capacity 13959K, committed 14080K, reserved 1048576K
Event: 417.940 GC heap after
Heap after GC invocations=26 (full 4):
 PSYoungGen      total 147968K, used 7377K [0x00000000f5580000, 0x0000000100000000, 0x0000000100000000)
  eden space 122368K, 0% used [0x00000000f5580000,0x00000000f5580000,0x00000000fcd00000)
  from space 25600K, 28% used [0x00000000fe500000,0x00000000fec34660,0x00000000ffe00000)
  to   space 24576K, 0% used [0x00000000fcd00000,0x00000000fcd00000,0x00000000fe500000)
 ParOldGen       total 285184K, used 98239K [0x00000000e0000000, 0x00000000f1680000, 0x00000000f5580000)
  object space 285184K, 34% used [0x00000000e0000000,0x00000000e5fefd00,0x00000000f1680000)
 Metaspace       used 95609K, capacity 102224K, committed 102400K, reserved 1138688K
  class space    used 12621K, capacity 13959K, committed 14080K, reserved 1048576K
}

