# JRE version: OpenJDK Runtime Environment (8.0_282-b08) (build 1.8.0_282-b08)
# Java VM: OpenJDK 64-Bit Server VM (25.282-b08 mixed mode windows-amd64 compressed oops)
Heap:
 PSYoungGen      total 73216K, used 23460K [0x00000000eaf00000, 0x00000000f0c00000, 0x0000000100000000)
  eden space 62976K, 21% used [0x00000000eaf00000,0x00000000ebc46530,0x00000000eec80000)
  from space 10240K, 96% used [0x00000000f0200000,0x00000000f0ba2c48,0x00000000f0c00000)
  to   space 14848K, 0% used [0x00000000eef00000,0x00000000eef00000,0x00000000efd80000)
 ParOldGen       total 36352K, used 19888K [0x00000000c0c00000, 0x00000000c2f80000, 0x00000000eaf00000)
  object space 36352K, 54% used [0x00000000c0c00000,0x00000000c1f6c240,0x00000000c2f80000)
 Metaspace       used 40329K, capacity 40962K, committed 41344K, reserved 1085440K
  class space    used 5071K, capacity 5226K, committed 5248K, reserved 1048576K
GC Heap History (10 events):
Event: 26.139 GC heap before
{Heap before GC invocations=8 (full 1):
 PSYoungGen      total 40960K, used 32759K [0x00000000eaf00000, 0x00000000edf00000, 0x0000000100000000)
  eden space 32768K, 99% used [0x00000000eaf00000,0x00000000ecefdde0,0x00000000ecf00000)
  from space 8192K, 0% used [0x00000000ed700000,0x00000000ed700000,0x00000000edf00000)
  to   space 8192K, 0% used [0x00000000ecf00000,0x00000000ecf00000,0x00000000ed700000)
 ParOldGen       total 36352K, used 9242K [0x00000000c0c00000, 0x00000000c2f80000, 0x00000000eaf00000)
  object space 36352K, 25% used [0x00000000c0c00000,0x00000000c1506a70,0x00000000c2f80000)
 Metaspace       used 23721K, capacity 24106K, committed 24320K, reserved 1071104K
  class space    used 2876K, capacity 2981K, committed 3072K, reserved 1048576K
Event: 26.230 GC heap after
Heap after GC invocations=8 (full 1):
 PSYoungGen      total 40960K, used 7052K [0x00000000eaf00000, 0x00000000ef500000, 0x0000000100000000)
  eden space 32768K, 0% used [0x00000000eaf00000,0x00000000eaf00000,0x00000000ecf00000)
  from space 8192K, 86% used [0x00000000ecf00000,0x00000000ed5e3250,0x00000000ed700000)
  to   space 8704K, 0% used [0x00000000eec80000,0x00000000eec80000,0x00000000ef500000)
 ParOldGen       total 36352K, used 9250K [0x00000000c0c00000, 0x00000000c2f80000, 0x00000000eaf00000)
  object space 36352K, 25% used [0x00000000c0c00000,0x00000000c1508a70,0x00000000c2f80000)
 Metaspace       used 23721K, capacity 24106K, committed 24320K, reserved 1071104K
  class space    used 2876K, capacity 2981K, committed 3072K, reserved 1048576K
}
Event: 29.542 GC heap before
{Heap before GC invocations=9 (full 1):
 PSYoungGen      total 40960K, used 39820K [0x00000000eaf00000, 0x00000000ef500000, 0x0000000100000000)
  eden space 32768K, 100% used [0x00000000eaf00000,0x00000000ecf00000,0x00000000ecf00000)
  from space 8192K, 86% used [0x00000000ecf00000,0x00000000ed5e3250,0x00000000ed700000)
  to   space 8704K, 0% used [0x00000000eec80000,0x00000000eec80000,0x00000000ef500000)
 ParOldGen       total 36352K, used 9250K [0x00000000c0c00000, 0x00000000c2f80000, 0x00000000eaf00000)
  object space 36352K, 25% used [0x00000000c0c00000,0x00000000c1508a70,0x00000000c2f80000)
 Metaspace       used 29611K, capacity 30085K, committed 30464K, reserved 1075200K
  class space    used 3602K, capacity 3754K, committed 3840K, reserved 1048576K
Event: 29.596 GC heap after
Heap after GC invocations=9 (full 1):
 PSYoungGen      total 59392K, used 8689K [0x00000000eaf00000, 0x00000000efb80000, 0x0000000100000000)
  eden space 50688K, 0% used [0x00000000eaf00000,0x00000000eaf00000,0x00000000ee080000)
  from space 8704K, 99% used [0x00000000eec80000,0x00000000ef4fc488,0x00000000ef500000)
  to   space 12288K, 0% used [0x00000000ee080000,0x00000000ee080000,0x00000000eec80000)
 ParOldGen       total 36352K, used 14244K [0x00000000c0c00000, 0x00000000c2f80000, 0x00000000eaf00000)
  object space 36352K, 39% used [0x00000000c0c00000,0x00000000c19e9140,0x00000000c2f80000)
 Metaspace       used 29611K, capacity 30085K, committed 30464K, reserved 1075200K
  class space    used 3602K, capacity 3754K, committed 3840K, reserved 1048576K
}
Event: 34.942 GC heap before
{Heap before GC invocations=10 (full 1):
 PSYoungGen      total 59392K, used 36552K [0x00000000eaf00000, 0x00000000efb80000, 0x0000000100000000)
  eden space 50688K, 54% used [0x00000000eaf00000,0x00000000eca35ce0,0x00000000ee080000)
  from space 8704K, 99% used [0x00000000eec80000,0x00000000ef4fc488,0x00000000ef500000)
  to   space 12288K, 0% used [0x00000000ee080000,0x00000000ee080000,0x00000000eec80000)
 ParOldGen       total 36352K, used 14244K [0x00000000c0c00000, 0x00000000c2f80000, 0x00000000eaf00000)
  object space 36352K, 39% used [0x00000000c0c00000,0x00000000c19e9140,0x00000000c2f80000)
 Metaspace       used 34815K, capacity 35266K, committed 35496K, reserved 1081344K
  class space    used 4436K, capacity 4572K, committed 4608K, reserved 1048576K
Event: 35.054 GC heap after
Heap after GC invocations=10 (full 1):
 PSYoungGen      total 62976K, used 12260K [0x00000000eaf00000, 0x00000000f1080000, 0x0000000100000000)
  eden space 50688K, 0% used [0x00000000eaf00000,0x00000000eaf00000,0x00000000ee080000)
  from space 12288K, 99% used [0x00000000ee080000,0x00000000eec792c0,0x00000000eec80000)
  to   space 14848K, 0% used [0x00000000f0200000,0x00000000f0200000,0x00000000f1080000)
 ParOldGen       total 36352K, used 16632K [0x00000000c0c00000, 0x00000000c2f80000, 0x00000000eaf00000)
  object space 36352K, 45% used [0x00000000c0c00000,0x00000000c1c3e2f0,0x00000000c2f80000)
 Metaspace       used 34815K, capacity 35266K, committed 35496K, reserved 1081344K
  class space    used 4436K, capacity 4572K, committed 4608K, reserved 1048576K
}
Event: 35.054 GC heap before
{Heap before GC invocations=11 (full 2):
 PSYoungGen      total 62976K, used 12260K [0x00000000eaf00000, 0x00000000f1080000, 0x0000000100000000)
  eden space 50688K, 0% used [0x00000000eaf00000,0x00000000eaf00000,0x00000000ee080000)
  from space 12288K, 99% used [0x00000000ee080000,0x00000000eec792c0,0x00000000eec80000)
  to   space 14848K, 0% used [0x00000000f0200000,0x00000000f0200000,0x00000000f1080000)
 ParOldGen       total 36352K, used 16632K [0x00000000c0c00000, 0x00000000c2f80000, 0x00000000eaf00000)
  object space 36352K, 45% used [0x00000000c0c00000,0x00000000c1c3e2f0,0x00000000c2f80000)
 Metaspace       used 34815K, capacity 35266K, committed 35496K, reserved 1081344K
  class space    used 4436K, capacity 4572K, committed 4608K, reserved 1048576K
Event: 35.828 GC heap after
Heap after GC invocations=11 (full 2):
 PSYoungGen      total 62976K, used 0K [0x00000000eaf00000, 0x00000000f1080000, 0x0000000100000000)
  eden space 50688K, 0% used [0x00000000eaf00000,0x00000000eaf00000,0x00000000ee080000)
  from space 12288K, 0% used [0x00000000ee080000,0x00000000ee080000,0x00000000eec80000)
  to   space 14848K, 0% used [0x00000000f0200000,0x00000000f0200000,0x00000000f1080000)
 ParOldGen       total 36352K, used 19880K [0x00000000c0c00000, 0x00000000c2f80000, 0x00000000eaf00000)
  object space 36352K, 54% used [0x00000000c0c00000,0x00000000c1f6a240,0x00000000c2f80000)
 Metaspace       used 34815K, capacity 35266K, committed 35496K, reserved 1081344K
  class space    used 4436K, capacity 4572K, committed 4608K, reserved 1048576K
}
Event: 40.676 GC heap before
{Heap before GC invocations=12 (full 2):
 PSYoungGen      total 62976K, used 50688K [0x00000000eaf00000, 0x00000000f1080000, 0x0000000100000000)
  eden space 50688K, 100% used [0x00000000eaf00000,0x00000000ee080000,0x00000000ee080000)
  from space 12288K, 0% used [0x00000000ee080000,0x00000000ee080000,0x00000000eec80000)
  to   space 14848K, 0% used [0x00000000f0200000,0x00000000f0200000,0x00000000f1080000)
 ParOldGen       total 36352K, used 19880K [0x00000000c0c00000, 0x00000000c2f80000, 0x00000000eaf00000)
  object space 36352K, 54% used [0x00000000c0c00000,0x00000000c1f6a240,0x00000000c2f80000)
 Metaspace       used 38859K, capacity 39412K, committed 39680K, reserved 1083392K
  class space    used 4908K, capacity 5055K, committed 5120K, reserved 1048576K
Event: 40.706 GC heap after
Heap after GC invocations=12 (full 2):
 PSYoungGen      total 73216K, used 9867K [0x00000000eaf00000, 0x00000000f0c00000, 0x0000000100000000)
  eden space 62976K, 0% used [0x00000000eaf00000,0x00000000eaf00000,0x00000000eec80000)
  from space 10240K, 96% used [0x00000000f0200000,0x00000000f0ba2c48,0x00000000f0c00000)
  to   space 14848K, 0% used [0x00000000eef00000,0x00000000eef00000,0x00000000efd80000)
 ParOldGen       total 36352K, used 19888K [0x00000000c0c00000, 0x00000000c2f80000, 0x00000000eaf00000)
  object space 36352K, 54% used [0x00000000c0c00000,0x00000000c1f6c240,0x00000000c2f80000)
 Metaspace       used 38859K, capacity 39412K, committed 39680K, reserved 1083392K
  class space    used 4908K, capacity 5055K, committed 5120K, reserved 1048576K
}

