# JRE version: OpenJDK Runtime Environment (8.0_282-b08) (build 1.8.0_282-b08)
# Java VM: OpenJDK 64-Bit Server VM (25.282-b08 mixed mode windows-amd64 compressed oops)
Heap:
 PSYoungGen      total 108544K, used 85521K [0x00000000f5580000, 0x0000000100000000, 0x0000000100000000)
  eden space 61952K, 63% used [0x00000000f5580000,0x00000000f7bfb5a8,0x00000000f9200000)
  from space 46592K, 98% used [0x00000000f9200000,0x00000000fbf090f8,0x00000000fbf80000)
  to   space 57856K, 0% used [0x00000000fc780000,0x00000000fc780000,0x0000000100000000)
 ParOldGen       total 349696K, used 288210K [0x00000000e0000000, 0x00000000f5580000, 0x00000000f5580000)
  object space 349696K, 82% used [0x00000000e0000000,0x00000000f1974bd8,0x00000000f5580000)
 Metaspace       used 184417K, capacity 196254K, committed 196608K, reserved 1220608K
  class space    used 23214K, capacity 25487K, committed 25600K, reserved 1048576K
GC Heap History (10 events):
Event: 8996.685 GC heap before
{Heap before GC invocations=166 (full 9):
 PSYoungGen      total 131072K, used 123952K [0x00000000f5580000, 0x00000000ff600000, 0x0000000100000000)
  eden space 100864K, 100% used [0x00000000f5580000,0x00000000fb800000,0x00000000fb800000)
  from space 30208K, 76% used [0x00000000fd680000,0x00000000fed0c050,0x00000000ff400000)
  to   space 31232K, 0% used [0x00000000fb800000,0x00000000fb800000,0x00000000fd680000)
 ParOldGen       total 349696K, used 252997K [0x00000000e0000000, 0x00000000f5580000, 0x00000000f5580000)
  object space 349696K, 72% used [0x00000000e0000000,0x00000000ef711400,0x00000000f5580000)
 Metaspace       used 147494K, capacity 158536K, committed 158848K, reserved 1187840K
  class space    used 18431K, capacity 20516K, committed 20608K, reserved 1048576K
Event: 8996.763 GC heap after
Heap after GC invocations=166 (full 9):
 PSYoungGen      total 132096K, used 24912K [0x00000000f5580000, 0x00000000ffd80000, 0x0000000100000000)
  eden space 100864K, 0% used [0x00000000f5580000,0x00000000f5580000,0x00000000fb800000)
  from space 31232K, 79% used [0x00000000fb800000,0x00000000fd054070,0x00000000fd680000)
  to   space 32256K, 0% used [0x00000000fde00000,0x00000000fde00000,0x00000000ffd80000)
 ParOldGen       total 349696K, used 253357K [0x00000000e0000000, 0x00000000f5580000, 0x00000000f5580000)
  object space 349696K, 72% used [0x00000000e0000000,0x00000000ef76b400,0x00000000f5580000)
 Metaspace       used 147494K, capacity 158536K, committed 158848K, reserved 1187840K
  class space    used 18431K, capacity 20516K, committed 20608K, reserved 1048576K
}
Event: 8999.811 GC heap before
{Heap before GC invocations=167 (full 9):
 PSYoungGen      total 132096K, used 125776K [0x00000000f5580000, 0x00000000ffd80000, 0x0000000100000000)
  eden space 100864K, 100% used [0x00000000f5580000,0x00000000fb800000,0x00000000fb800000)
  from space 31232K, 79% used [0x00000000fb800000,0x00000000fd054070,0x00000000fd680000)
  to   space 32256K, 0% used [0x00000000fde00000,0x00000000fde00000,0x00000000ffd80000)
 ParOldGen       total 349696K, used 253357K [0x00000000e0000000, 0x00000000f5580000, 0x00000000f5580000)
  object space 349696K, 72% used [0x00000000e0000000,0x00000000ef76b400,0x00000000f5580000)
 Metaspace       used 153284K, capacity 164456K, committed 164608K, reserved 1191936K
  class space    used 19060K, capacity 21164K, committed 21248K, reserved 1048576K
Event: 8999.904 GC heap after
Heap after GC invocations=167 (full 9):
 PSYoungGen      total 133120K, used 32226K [0x00000000f5580000, 0x0000000100000000, 0x0000000100000000)
  eden space 100864K, 0% used [0x00000000f5580000,0x00000000f5580000,0x00000000fb800000)
  from space 32256K, 99% used [0x00000000fde00000,0x00000000ffd78aa0,0x00000000ffd80000)
  to   space 36864K, 0% used [0x00000000fb800000,0x00000000fb800000,0x00000000fdc00000)
 ParOldGen       total 349696K, used 255336K [0x00000000e0000000, 0x00000000f5580000, 0x00000000f5580000)
  object space 349696K, 73% used [0x00000000e0000000,0x00000000ef95a168,0x00000000f5580000)
 Metaspace       used 153284K, capacity 164456K, committed 164608K, reserved 1191936K
  class space    used 19060K, capacity 21164K, committed 21248K, reserved 1048576K
}
Event: 9004.290 GC heap before
{Heap before GC invocations=168 (full 9):
 PSYoungGen      total 133120K, used 133090K [0x00000000f5580000, 0x0000000100000000, 0x0000000100000000)
  eden space 100864K, 100% used [0x00000000f5580000,0x00000000fb800000,0x00000000fb800000)
  from space 32256K, 99% used [0x00000000fde00000,0x00000000ffd78aa0,0x00000000ffd80000)
  to   space 36864K, 0% used [0x00000000fb800000,0x00000000fb800000,0x00000000fdc00000)
 ParOldGen       total 349696K, used 255336K [0x00000000e0000000, 0x00000000f5580000, 0x00000000f5580000)
  object space 349696K, 73% used [0x00000000e0000000,0x00000000ef95a168,0x00000000f5580000)
 Metaspace       used 165602K, capacity 177024K, committed 177408K, reserved 1204224K
  class space    used 20846K, capacity 22995K, committed 23040K, reserved 1048576K
Event: 9004.659 GC heap after
Heap after GC invocations=168 (full 9):
 PSYoungGen      total 137728K, used 36858K [0x00000000f5580000, 0x0000000100000000, 0x0000000100000000)
  eden space 100864K, 0% used [0x00000000f5580000,0x00000000f5580000,0x00000000fb800000)
  from space 36864K, 99% used [0x00000000fb800000,0x00000000fdbfe938,0x00000000fdc00000)
  to   space 36864K, 0% used [0x00000000fdc00000,0x00000000fdc00000,0x0000000100000000)
 ParOldGen       total 349696K, used 269166K [0x00000000e0000000, 0x00000000f5580000, 0x00000000f5580000)
  object space 349696K, 76% used [0x00000000e0000000,0x00000000f06db888,0x00000000f5580000)
 Metaspace       used 165602K, capacity 177024K, committed 177408K, reserved 1204224K
  class space    used 20846K, capacity 22995K, committed 23040K, reserved 1048576K
}
Event: 9008.959 GC heap before
{Heap before GC invocations=169 (full 9):
 PSYoungGen      total 137728K, used 137722K [0x00000000f5580000, 0x0000000100000000, 0x0000000100000000)
  eden space 100864K, 100% used [0x00000000f5580000,0x00000000fb800000,0x00000000fb800000)
  from space 36864K, 99% used [0x00000000fb800000,0x00000000fdbfe938,0x00000000fdc00000)
  to   space 36864K, 0% used [0x00000000fdc00000,0x00000000fdc00000,0x0000000100000000)
 ParOldGen       total 349696K, used 269166K [0x00000000e0000000, 0x00000000f5580000, 0x00000000f5580000)
  object space 349696K, 76% used [0x00000000e0000000,0x00000000f06db888,0x00000000f5580000)
 Metaspace       used 182750K, capacity 194530K, committed 194816K, reserved 1218560K
  class space    used 23050K, capacity 25294K, committed 25344K, reserved 1048576K
Event: 9009.196 GC heap after
Heap after GC invocations=169 (full 9):
 PSYoungGen      total 98816K, used 36840K [0x00000000f5580000, 0x0000000100000000, 0x0000000100000000)
  eden space 61952K, 0% used [0x00000000f5580000,0x00000000f5580000,0x00000000f9200000)
  from space 36864K, 99% used [0x00000000fdc00000,0x00000000ffffa2c0,0x0000000100000000)
  to   space 56320K, 0% used [0x00000000f9200000,0x00000000f9200000,0x00000000fc900000)
 ParOldGen       total 349696K, used 287495K [0x00000000e0000000, 0x00000000f5580000, 0x00000000f5580000)
  object space 349696K, 82% used [0x00000000e0000000,0x00000000f18c1f28,0x00000000f5580000)
 Metaspace       used 182750K, capacity 194530K, committed 194816K, reserved 1218560K
  class space    used 23050K, capacity 25294K, committed 25344K, reserved 1048576K
}
Event: 9011.701 GC heap before
{Heap before GC invocations=170 (full 9):
 PSYoungGen      total 98816K, used 98792K [0x00000000f5580000, 0x0000000100000000, 0x0000000100000000)
  eden space 61952K, 100% used [0x00000000f5580000,0x00000000f9200000,0x00000000f9200000)
  from space 36864K, 99% used [0x00000000fdc00000,0x00000000ffffa2c0,0x0000000100000000)
  to   space 56320K, 0% used [0x00000000f9200000,0x00000000f9200000,0x00000000fc900000)
 ParOldGen       total 349696K, used 287630K [0x00000000e0000000, 0x00000000f5580000, 0x00000000f5580000)
  object space 349696K, 82% used [0x00000000e0000000,0x00000000f18e3bc8,0x00000000f5580000)
 Metaspace       used 184265K, capacity 196116K, committed 196224K, reserved 1220608K
  class space    used 23188K, capacity 25472K, committed 25472K, reserved 1048576K
Event: 9011.816 GC heap after
Heap after GC invocations=170 (full 9):
 PSYoungGen      total 108544K, used 46116K [0x00000000f5580000, 0x0000000100000000, 0x0000000100000000)
  eden space 61952K, 0% used [0x00000000f5580000,0x00000000f5580000,0x00000000f9200000)
  from space 46592K, 98% used [0x00000000f9200000,0x00000000fbf090f8,0x00000000fbf80000)
  to   space 57856K, 0% used [0x00000000fc780000,0x00000000fc780000,0x0000000100000000)
 ParOldGen       total 349696K, used 288210K [0x00000000e0000000, 0x00000000f5580000, 0x00000000f5580000)
  object space 349696K, 82% used [0x00000000e0000000,0x00000000f1974bd8,0x00000000f5580000)
 Metaspace       used 184265K, capacity 196116K, committed 196224K, reserved 1220608K
  class space    used 23188K, capacity 25472K, committed 25472K, reserved 1048576K
}

