# JRE version: OpenJDK Runtime Environment (8.0_282-b08) (build 1.8.0_282-b08)
# Java VM: OpenJDK 64-Bit Server VM (25.282-b08 mixed mode windows-amd64 compressed oops)
Heap:
 PSYoungGen      total 142336K, used 2052K [0x00000000eaf00000, 0x00000000f6b80000, 0x0000000100000000)
  eden space 103424K, 1% used [0x00000000eaf00000,0x00000000eb1011a0,0x00000000f1400000)
  from space 38912K, 0% used [0x00000000f3900000,0x00000000f3900000,0x00000000f5f00000)
  to   space 37888K, 0% used [0x00000000f1400000,0x00000000f1400000,0x00000000f3900000)
 ParOldGen       total 121856K, used 56874K [0x00000000c0c00000, 0x00000000c8300000, 0x00000000eaf00000)
  object space 121856K, 46% used [0x00000000c0c00000,0x00000000c438a950,0x00000000c8300000)
 Metaspace       used 58008K, capacity 59054K, committed 59136K, reserved 1101824K
  class space    used 7132K, capacity 7400K, committed 7424K, reserved 1048576K
GC Heap History (10 events):
Event: 22.857 GC heap before
{Heap before GC invocations=13 (full 2):
 PSYoungGen      total 89600K, used 89571K [0x00000000eaf00000, 0x00000000f2180000, 0x0000000100000000)
  eden space 73216K, 100% used [0x00000000eaf00000,0x00000000ef680000,0x00000000ef680000)
  from space 16384K, 99% used [0x00000000f0a00000,0x00000000f19f8ca0,0x00000000f1a00000)
  to   space 19968K, 0% used [0x00000000ef680000,0x00000000ef680000,0x00000000f0a00000)
 ParOldGen       total 69632K, used 21775K [0x00000000c0c00000, 0x00000000c5000000, 0x00000000eaf00000)
  object space 69632K, 31% used [0x00000000c0c00000,0x00000000c2143f18,0x00000000c5000000)
 Metaspace       used 45504K, capacity 46240K, committed 46464K, reserved 1089536K
  class space    used 5513K, capacity 5689K, committed 5760K, reserved 1048576K
Event: 22.961 GC heap after
Heap after GC invocations=13 (full 2):
 PSYoungGen      total 93184K, used 19941K [0x00000000eaf00000, 0x00000000f3880000, 0x0000000100000000)
  eden space 73216K, 0% used [0x00000000eaf00000,0x00000000eaf00000,0x00000000ef680000)
  from space 19968K, 99% used [0x00000000ef680000,0x00000000f09f9448,0x00000000f0a00000)
  to   space 25600K, 0% used [0x00000000f1f80000,0x00000000f1f80000,0x00000000f3880000)
 ParOldGen       total 69632K, used 28787K [0x00000000c0c00000, 0x00000000c5000000, 0x00000000eaf00000)
  object space 69632K, 41% used [0x00000000c0c00000,0x00000000c281cd30,0x00000000c5000000)
 Metaspace       used 45504K, capacity 46240K, committed 46464K, reserved 1089536K
  class space    used 5513K, capacity 5689K, committed 5760K, reserved 1048576K
}
Event: 29.088 GC heap before
{Heap before GC invocations=14 (full 2):
 PSYoungGen      total 93184K, used 93157K [0x00000000eaf00000, 0x00000000f3880000, 0x0000000100000000)
  eden space 73216K, 100% used [0x00000000eaf00000,0x00000000ef680000,0x00000000ef680000)
  from space 19968K, 99% used [0x00000000ef680000,0x00000000f09f9448,0x00000000f0a00000)
  to   space 25600K, 0% used [0x00000000f1f80000,0x00000000f1f80000,0x00000000f3880000)
 ParOldGen       total 69632K, used 28787K [0x00000000c0c00000, 0x00000000c5000000, 0x00000000eaf00000)
  object space 69632K, 41% used [0x00000000c0c00000,0x00000000c281cd30,0x00000000c5000000)
 Metaspace       used 54590K, capacity 55548K, committed 55808K, reserved 1097728K
  class space    used 6823K, capacity 7055K, committed 7168K, reserved 1048576K
Event: 29.227 GC heap after
Heap after GC invocations=14 (full 2):
 PSYoungGen      total 108544K, used 25596K [0x00000000eaf00000, 0x00000000f4680000, 0x0000000100000000)
  eden space 82944K, 0% used [0x00000000eaf00000,0x00000000eaf00000,0x00000000f0000000)
  from space 25600K, 99% used [0x00000000f1f80000,0x00000000f387f210,0x00000000f3880000)
  to   space 32256K, 0% used [0x00000000f0000000,0x00000000f0000000,0x00000000f1f80000)
 ParOldGen       total 69632K, used 36728K [0x00000000c0c00000, 0x00000000c5000000, 0x00000000eaf00000)
  object space 69632K, 52% used [0x00000000c0c00000,0x00000000c2fde308,0x00000000c5000000)
 Metaspace       used 54590K, capacity 55548K, committed 55808K, reserved 1097728K
  class space    used 6823K, capacity 7055K, committed 7168K, reserved 1048576K
}
Event: 37.341 GC heap before
{Heap before GC invocations=15 (full 2):
 PSYoungGen      total 108544K, used 108540K [0x00000000eaf00000, 0x00000000f4680000, 0x0000000100000000)
  eden space 82944K, 100% used [0x00000000eaf00000,0x00000000f0000000,0x00000000f0000000)
  from space 25600K, 99% used [0x00000000f1f80000,0x00000000f387f210,0x00000000f3880000)
  to   space 32256K, 0% used [0x00000000f0000000,0x00000000f0000000,0x00000000f1f80000)
 ParOldGen       total 69632K, used 36728K [0x00000000c0c00000, 0x00000000c5000000, 0x00000000eaf00000)
  object space 69632K, 52% used [0x00000000c0c00000,0x00000000c2fde308,0x00000000c5000000)
 Metaspace       used 57928K, capacity 58984K, committed 59136K, reserved 1101824K
  class space    used 7130K, capacity 7399K, committed 7424K, reserved 1048576K
Event: 37.468 GC heap after
Heap after GC invocations=15 (full 2):
 PSYoungGen      total 115200K, used 32251K [0x00000000eaf00000, 0x00000000f5f00000, 0x0000000100000000)
  eden space 82944K, 0% used [0x00000000eaf00000,0x00000000eaf00000,0x00000000f0000000)
  from space 32256K, 99% used [0x00000000f0000000,0x00000000f1f7ee50,0x00000000f1f80000)
  to   space 38912K, 0% used [0x00000000f3900000,0x00000000f3900000,0x00000000f5f00000)
 ParOldGen       total 69632K, used 41359K [0x00000000c0c00000, 0x00000000c5000000, 0x00000000eaf00000)
  object space 69632K, 59% used [0x00000000c0c00000,0x00000000c3463f90,0x00000000c5000000)
 Metaspace       used 57928K, capacity 58984K, committed 59136K, reserved 1101824K
  class space    used 7130K, capacity 7399K, committed 7424K, reserved 1048576K
}
Event: 38.135 GC heap before
{Heap before GC invocations=16 (full 2):
 PSYoungGen      total 115200K, used 42135K [0x00000000eaf00000, 0x00000000f5f00000, 0x0000000100000000)
  eden space 82944K, 11% used [0x00000000eaf00000,0x00000000eb8a6de8,0x00000000f0000000)
  from space 32256K, 99% used [0x00000000f0000000,0x00000000f1f7ee50,0x00000000f1f80000)
  to   space 38912K, 0% used [0x00000000f3900000,0x00000000f3900000,0x00000000f5f00000)
 ParOldGen       total 69632K, used 41359K [0x00000000c0c00000, 0x00000000c5000000, 0x00000000eaf00000)
  object space 69632K, 59% used [0x00000000c0c00000,0x00000000c3463f90,0x00000000c5000000)
 Metaspace       used 58008K, capacity 59054K, committed 59136K, reserved 1101824K
  class space    used 7132K, capacity 7400K, committed 7424K, reserved 1048576K
Event: 38.273 GC heap after
Heap after GC invocations=16 (full 2):
 PSYoungGen      total 142336K, used 19458K [0x00000000eaf00000, 0x00000000f6b80000, 0x0000000100000000)
  eden space 103424K, 0% used [0x00000000eaf00000,0x00000000eaf00000,0x00000000f1400000)
  from space 38912K, 50% used [0x00000000f3900000,0x00000000f4c00860,0x00000000f5f00000)
  to   space 37888K, 0% used [0x00000000f1400000,0x00000000f1400000,0x00000000f3900000)
 ParOldGen       total 69632K, used 55470K [0x00000000c0c00000, 0x00000000c5000000, 0x00000000eaf00000)
  object space 69632K, 79% used [0x00000000c0c00000,0x00000000c422b810,0x00000000c5000000)
 Metaspace       used 58008K, capacity 59054K, committed 59136K, reserved 1101824K
  class space    used 7132K, capacity 7400K, committed 7424K, reserved 1048576K
}
Event: 38.273 GC heap before
{Heap before GC invocations=17 (full 3):
 PSYoungGen      total 142336K, used 19458K [0x00000000eaf00000, 0x00000000f6b80000, 0x0000000100000000)
  eden space 103424K, 0% used [0x00000000eaf00000,0x00000000eaf00000,0x00000000f1400000)
  from space 38912K, 50% used [0x00000000f3900000,0x00000000f4c00860,0x00000000f5f00000)
  to   space 37888K, 0% used [0x00000000f1400000,0x00000000f1400000,0x00000000f3900000)
 ParOldGen       total 69632K, used 55470K [0x00000000c0c00000, 0x00000000c5000000, 0x00000000eaf00000)
  object space 69632K, 79% used [0x00000000c0c00000,0x00000000c422b810,0x00000000c5000000)
 Metaspace       used 58008K, capacity 59054K, committed 59136K, reserved 1101824K
  class space    used 7132K, capacity 7400K, committed 7424K, reserved 1048576K
Event: 39.183 GC heap after
Heap after GC invocations=17 (full 3):
 PSYoungGen      total 142336K, used 0K [0x00000000eaf00000, 0x00000000f6b80000, 0x0000000100000000)
  eden space 103424K, 0% used [0x00000000eaf00000,0x00000000eaf00000,0x00000000f1400000)
  from space 38912K, 0% used [0x00000000f3900000,0x00000000f3900000,0x00000000f5f00000)
  to   space 37888K, 0% used [0x00000000f1400000,0x00000000f1400000,0x00000000f3900000)
 ParOldGen       total 121856K, used 56874K [0x00000000c0c00000, 0x00000000c8300000, 0x00000000eaf00000)
  object space 121856K, 46% used [0x00000000c0c00000,0x00000000c438a950,0x00000000c8300000)
 Metaspace       used 58008K, capacity 59054K, committed 59136K, reserved 1101824K
  class space    used 7132K, capacity 7400K, committed 7424K, reserved 1048576K
}

