# JRE version: OpenJDK Runtime Environment (8.0_282-b08) (build 1.8.0_282-b08)
# Java VM: OpenJDK 64-Bit Server VM (25.282-b08 mixed mode windows-amd64 compressed oops)
Heap:
 PSYoungGen      total 102400K, used 27893K [0x00000000eaf00000, 0x00000000f3c00000, 0x0000000100000000)
  eden space 77824K, 4% used [0x00000000eaf00000,0x00000000eb23d470,0x00000000efb00000)
  from space 24576K, 99% used [0x00000000f1880000,0x00000000f307ffe0,0x00000000f3080000)
  to   space 30208K, 0% used [0x00000000efb00000,0x00000000efb00000,0x00000000f1880000)
 ParOldGen       total 71168K, used 33712K [0x00000000c0c00000, 0x00000000c5180000, 0x00000000eaf00000)
  object space 71168K, 47% used [0x00000000c0c00000,0x00000000c2cec100,0x00000000c5180000)
 Metaspace       used 50186K, capacity 51039K, committed 51200K, reserved 1093632K
  class space    used 6132K, capacity 6351K, committed 6400K, reserved 1048576K
GC Heap History (10 events):
Event: 8.472 GC heap before
{Heap before GC invocations=10 (full 2):
 PSYoungGen      total 74240K, used 12736K [0x00000000eaf00000, 0x00000000f2300000, 0x0000000100000000)
  eden space 60416K, 0% used [0x00000000eaf00000,0x00000000eaf00000,0x00000000eea00000)
  from space 13824K, 92% used [0x00000000ef900000,0x00000000f0570358,0x00000000f0680000)
  to   space 15360K, 0% used [0x00000000eea00000,0x00000000eea00000,0x00000000ef900000)
 ParOldGen       total 44544K, used 18949K [0x00000000c0c00000, 0x00000000c3780000, 0x00000000eaf00000)
  object space 44544K, 42% used [0x00000000c0c00000,0x00000000c1e81458,0x00000000c3780000)
 Metaspace       used 34820K, capacity 35323K, committed 35496K, reserved 1081344K
  class space    used 4455K, capacity 4608K, committed 4608K, reserved 1048576K
Event: 8.656 GC heap after
Heap after GC invocations=10 (full 2):
 PSYoungGen      total 74240K, used 0K [0x00000000eaf00000, 0x00000000f2300000, 0x0000000100000000)
  eden space 60416K, 0% used [0x00000000eaf00000,0x00000000eaf00000,0x00000000eea00000)
  from space 13824K, 0% used [0x00000000ef900000,0x00000000ef900000,0x00000000f0680000)
  to   space 15360K, 0% used [0x00000000eea00000,0x00000000eea00000,0x00000000ef900000)
 ParOldGen       total 71168K, used 18259K [0x00000000c0c00000, 0x00000000c5180000, 0x00000000eaf00000)
  object space 71168K, 25% used [0x00000000c0c00000,0x00000000c1dd4e88,0x00000000c5180000)
 Metaspace       used 34820K, capacity 35323K, committed 35496K, reserved 1081344K
  class space    used 4455K, capacity 4608K, committed 4608K, reserved 1048576K
}
Event: 11.049 GC heap before
{Heap before GC invocations=11 (full 2):
 PSYoungGen      total 74240K, used 60416K [0x00000000eaf00000, 0x00000000f2300000, 0x0000000100000000)
  eden space 60416K, 100% used [0x00000000eaf00000,0x00000000eea00000,0x00000000eea00000)
  from space 13824K, 0% used [0x00000000ef900000,0x00000000ef900000,0x00000000f0680000)
  to   space 15360K, 0% used [0x00000000eea00000,0x00000000eea00000,0x00000000ef900000)
 ParOldGen       total 71168K, used 18259K [0x00000000c0c00000, 0x00000000c5180000, 0x00000000eaf00000)
  object space 71168K, 25% used [0x00000000c0c00000,0x00000000c1dd4e88,0x00000000c5180000)
 Metaspace       used 39788K, capacity 40355K, committed 40576K, reserved 1085440K
  class space    used 5041K, capacity 5195K, committed 5248K, reserved 1048576K
Event: 11.069 GC heap after
Heap after GC invocations=11 (full 2):
 PSYoungGen      total 75776K, used 11415K [0x00000000eaf00000, 0x00000000f1400000, 0x0000000100000000)
  eden space 60416K, 0% used [0x00000000eaf00000,0x00000000eaf00000,0x00000000eea00000)
  from space 15360K, 74% used [0x00000000eea00000,0x00000000ef525c08,0x00000000ef900000)
  to   space 15872K, 0% used [0x00000000f0480000,0x00000000f0480000,0x00000000f1400000)
 ParOldGen       total 71168K, used 18267K [0x00000000c0c00000, 0x00000000c5180000, 0x00000000eaf00000)
  object space 71168K, 25% used [0x00000000c0c00000,0x00000000c1dd6e88,0x00000000c5180000)
 Metaspace       used 39788K, capacity 40355K, committed 40576K, reserved 1085440K
  class space    used 5041K, capacity 5195K, committed 5248K, reserved 1048576K
}
Event: 14.329 GC heap before
{Heap before GC invocations=12 (full 2):
 PSYoungGen      total 75776K, used 71831K [0x00000000eaf00000, 0x00000000f1400000, 0x0000000100000000)
  eden space 60416K, 100% used [0x00000000eaf00000,0x00000000eea00000,0x00000000eea00000)
  from space 15360K, 74% used [0x00000000eea00000,0x00000000ef525c08,0x00000000ef900000)
  to   space 15872K, 0% used [0x00000000f0480000,0x00000000f0480000,0x00000000f1400000)
 ParOldGen       total 71168K, used 18267K [0x00000000c0c00000, 0x00000000c5180000, 0x00000000eaf00000)
  object space 71168K, 25% used [0x00000000c0c00000,0x00000000c1dd6e88,0x00000000c5180000)
 Metaspace       used 43727K, capacity 44451K, committed 44672K, reserved 1089536K
  class space    used 5330K, capacity 5487K, committed 5504K, reserved 1048576K
Event: 14.381 GC heap after
Heap after GC invocations=12 (full 2):
 PSYoungGen      total 83968K, used 15856K [0x00000000eaf00000, 0x00000000f1b80000, 0x0000000100000000)
  eden space 68096K, 0% used [0x00000000eaf00000,0x00000000eaf00000,0x00000000ef180000)
  from space 15872K, 99% used [0x00000000f0480000,0x00000000f13fc3d8,0x00000000f1400000)
  to   space 19456K, 0% used [0x00000000ef180000,0x00000000ef180000,0x00000000f0480000)
 ParOldGen       total 71168K, used 21501K [0x00000000c0c00000, 0x00000000c5180000, 0x00000000eaf00000)
  object space 71168K, 30% used [0x00000000c0c00000,0x00000000c20ff7d8,0x00000000c5180000)
 Metaspace       used 43727K, capacity 44451K, committed 44672K, reserved 1089536K
  class space    used 5330K, capacity 5487K, committed 5504K, reserved 1048576K
}
Event: 16.887 GC heap before
{Heap before GC invocations=13 (full 2):
 PSYoungGen      total 83968K, used 83952K [0x00000000eaf00000, 0x00000000f1b80000, 0x0000000100000000)
  eden space 68096K, 100% used [0x00000000eaf00000,0x00000000ef180000,0x00000000ef180000)
  from space 15872K, 99% used [0x00000000f0480000,0x00000000f13fc3d8,0x00000000f1400000)
  to   space 19456K, 0% used [0x00000000ef180000,0x00000000ef180000,0x00000000f0480000)
 ParOldGen       total 71168K, used 21501K [0x00000000c0c00000, 0x00000000c5180000, 0x00000000eaf00000)
  object space 71168K, 30% used [0x00000000c0c00000,0x00000000c20ff7d8,0x00000000c5180000)
 Metaspace       used 45220K, capacity 45943K, committed 46208K, reserved 1089536K
  class space    used 5496K, capacity 5657K, committed 5760K, reserved 1048576K
Event: 16.962 GC heap after
Heap after GC invocations=13 (full 2):
 PSYoungGen      total 87552K, used 19443K [0x00000000eaf00000, 0x00000000f3080000, 0x0000000100000000)
  eden space 68096K, 0% used [0x00000000eaf00000,0x00000000eaf00000,0x00000000ef180000)
  from space 19456K, 99% used [0x00000000ef180000,0x00000000f047cd18,0x00000000f0480000)
  to   space 24576K, 0% used [0x00000000f1880000,0x00000000f1880000,0x00000000f3080000)
 ParOldGen       total 71168K, used 28866K [0x00000000c0c00000, 0x00000000c5180000, 0x00000000eaf00000)
  object space 71168K, 40% used [0x00000000c0c00000,0x00000000c2830a68,0x00000000c5180000)
 Metaspace       used 45220K, capacity 45943K, committed 46208K, reserved 1089536K
  class space    used 5496K, capacity 5657K, committed 5760K, reserved 1048576K
}
Event: 20.690 GC heap before
{Heap before GC invocations=14 (full 2):
 PSYoungGen      total 87552K, used 87539K [0x00000000eaf00000, 0x00000000f3080000, 0x0000000100000000)
  eden space 68096K, 100% used [0x00000000eaf00000,0x00000000ef180000,0x00000000ef180000)
  from space 19456K, 99% used [0x00000000ef180000,0x00000000f047cd18,0x00000000f0480000)
  to   space 24576K, 0% used [0x00000000f1880000,0x00000000f1880000,0x00000000f3080000)
 ParOldGen       total 71168K, used 28866K [0x00000000c0c00000, 0x00000000c5180000, 0x00000000eaf00000)
  object space 71168K, 40% used [0x00000000c0c00000,0x00000000c2830a68,0x00000000c5180000)
 Metaspace       used 50138K, capacity 51039K, committed 51200K, reserved 1093632K
  class space    used 6132K, capacity 6351K, committed 6400K, reserved 1048576K
Event: 20.774 GC heap after
Heap after GC invocations=14 (full 2):
 PSYoungGen      total 102400K, used 24575K [0x00000000eaf00000, 0x00000000f3c00000, 0x0000000100000000)
  eden space 77824K, 0% used [0x00000000eaf00000,0x00000000eaf00000,0x00000000efb00000)
  from space 24576K, 99% used [0x00000000f1880000,0x00000000f307ffe0,0x00000000f3080000)
  to   space 30208K, 0% used [0x00000000efb00000,0x00000000efb00000,0x00000000f1880000)
 ParOldGen       total 71168K, used 33712K [0x00000000c0c00000, 0x00000000c5180000, 0x00000000eaf00000)
  object space 71168K, 47% used [0x00000000c0c00000,0x00000000c2cec100,0x00000000c5180000)
 Metaspace       used 50138K, capacity 51039K, committed 51200K, reserved 1093632K
  class space    used 6132K, capacity 6351K, committed 6400K, reserved 1048576K
}

